# Logfile created on 2021-10-25 09:48:56 +0000 by logger.rb/v1.4.2
[2021-10-25T09:48:57+00:00] INFO: Started Chef Infra Zero at chefzero://localhost:1 with repository at /opt/gitlab/embedded
  One version per cookbook

[2021-10-25T09:48:57+00:00] INFO: *** Chef Infra Client 15.17.4 ***
[2021-10-25T09:48:57+00:00] INFO: Platform: x86_64-linux
[2021-10-25T09:48:57+00:00] INFO: Chef-client pid: 32
[2021-10-25T09:48:58+00:00] INFO: Setting the run_list to ["recipe[gitlab]"] from CLI options
[2021-10-25T09:48:58+00:00] INFO: Run List is [recipe[gitlab]]
[2021-10-25T09:48:58+00:00] INFO: Run List expands to [gitlab]
[2021-10-25T09:48:58+00:00] INFO: Starting Chef Infra Client Run for localhost
[2021-10-25T09:48:58+00:00] INFO: Running start handlers
[2021-10-25T09:48:58+00:00] INFO: Start handlers complete.
[2021-10-25T09:48:59+00:00] INFO: Loading cookbooks [gitlab@0.0.1, package@0.1.0, logrotate@0.1.0, postgresql@0.1.0, redis@0.1.0, monitoring@0.1.0, registry@0.1.0, mattermost@0.1.0, consul@0.1.0, gitaly@0.1.0, praefect@0.1.0, gitlab-kas@0.1.0, gitlab-pages@0.1.0, letsencrypt@0.1.0, nginx@0.1.0, runit@5.1.3, acme@4.1.3, crond@0.1.0]
[2021-10-25T09:49:01+00:00] INFO: directory[/etc/gitlab] mode changed to 775
[2021-10-25T09:49:01+00:00] INFO: Skipped selecting an init system because it was explicitly disabled
[2021-10-25T09:49:02+00:00] INFO: directory[Create /var/log/gitlab] mode changed to 755
[2021-10-25T09:49:03+00:00] WARN: only_if block for templatesymlink[Create a gitlab_pages_secret and create a symlink to Rails root] returned a string, did you mean to run a command?
[2021-10-25T09:49:03+00:00] WARN: only_if block for templatesymlink[Create a gitlab_kas_secret and create a symlink to Rails root] returned a string, did you mean to run a command?
[2021-10-25T09:49:04+00:00] INFO: link[/opt/gitlab/service/logrotate] created
[2021-10-25T09:49:04+00:00] INFO: link[/opt/gitlab/service/redis] created
[2021-10-25T09:49:04+00:00] INFO: link[/opt/gitlab/service/gitaly] created
[2021-10-25T09:49:05+00:00] INFO: link[/opt/gitlab/service/postgresql] created
[2021-10-25T09:49:05+00:00] INFO: file[/opt/gitlab/service/postgresql/supervise/status] owner changed to 996
[2021-10-25T09:49:05+00:00] INFO: file[/opt/gitlab/service/postgresql/supervise/status] group changed to 996
[2021-10-25T09:49:05+00:00] INFO: file[/opt/gitlab/service/postgresql/supervise/status] updated atime and mtime to 2021-10-25 09:49:05 +0000
[2021-10-25T09:49:05+00:00] INFO: file[/opt/gitlab/service/postgresql/log/supervise/status] owner changed to 996
[2021-10-25T09:49:05+00:00] INFO: file[/opt/gitlab/service/postgresql/log/supervise/status] group changed to 996
[2021-10-25T09:49:05+00:00] INFO: file[/opt/gitlab/service/postgresql/log/supervise/status] updated atime and mtime to 2021-10-25 09:49:05 +0000
[2021-10-25T09:49:05+00:00] INFO: link[/opt/gitlab/service/puma] created
[2021-10-25T09:49:05+00:00] INFO: link[/opt/gitlab/service/sidekiq] created
[2021-10-25T09:49:06+00:00] INFO: link[/opt/gitlab/service/gitlab-workhorse] created
[2021-10-25T09:49:06+00:00] INFO: template[/var/opt/gitlab/gitlab-workhorse/config.toml] group changed to 998
[2021-10-25T09:49:06+00:00] INFO: link[/opt/gitlab/service/nginx] created
[2021-10-25T09:49:06+00:00] INFO: link[/opt/gitlab/service/gitlab-exporter] created
[2021-10-25T09:49:06+00:00] INFO: link[/opt/gitlab/service/redis-exporter] created
[2021-10-25T09:49:07+00:00] INFO: link[/opt/gitlab/service/prometheus] created
[2021-10-25T09:49:07+00:00] INFO: link[/opt/gitlab/service/alertmanager] created
[2021-10-25T09:49:08+00:00] INFO: link[/opt/gitlab/service/postgres-exporter] created
[2021-10-25T09:49:08+00:00] WARN: Connecting to GitLab to generate new app_id and app_secret for GitLab Grafana.
