# Logfile created on 2021-10-25 09:25:41 +0000 by logger.rb/v1.4.2
[2021-10-25T09:25:41+00:00] INFO: Started Chef Infra Zero at chefzero://localhost:1 with repository at /opt/gitlab/embedded
  One version per cookbook

[2021-10-25T09:25:42+00:00] INFO: *** Chef Infra Client 15.17.4 ***
[2021-10-25T09:25:42+00:00] INFO: Platform: x86_64-linux
[2021-10-25T09:25:42+00:00] INFO: Chef-client pid: 32
[2021-10-25T09:25:43+00:00] INFO: Setting the run_list to ["recipe[gitlab]"] from CLI options
[2021-10-25T09:25:43+00:00] INFO: Run List is [recipe[gitlab]]
[2021-10-25T09:25:43+00:00] INFO: Run List expands to [gitlab]
[2021-10-25T09:25:43+00:00] INFO: Starting Chef Infra Client Run for localhost
[2021-10-25T09:25:43+00:00] INFO: Running start handlers
[2021-10-25T09:25:43+00:00] INFO: Start handlers complete.
[2021-10-25T09:25:44+00:00] INFO: Loading cookbooks [gitlab@0.0.1, package@0.1.0, logrotate@0.1.0, postgresql@0.1.0, redis@0.1.0, monitoring@0.1.0, registry@0.1.0, mattermost@0.1.0, consul@0.1.0, gitaly@0.1.0, praefect@0.1.0, gitlab-kas@0.1.0, gitlab-pages@0.1.0, letsencrypt@0.1.0, nginx@0.1.0, runit@5.1.3, acme@4.1.3, crond@0.1.0]
[2021-10-25T09:25:46+00:00] INFO: directory[/etc/gitlab] mode changed to 775
[2021-10-25T09:25:47+00:00] INFO: Skipped selecting an init system because it was explicitly disabled
[2021-10-25T09:25:47+00:00] INFO: directory[Create /var/log/gitlab] mode changed to 755
[2021-10-25T09:25:49+00:00] INFO: template[/var/opt/gitlab/gitlab-rails/etc/gitlab.yml] group changed to 998
[2021-10-25T09:25:49+00:00] WARN: only_if block for templatesymlink[Create a gitlab_pages_secret and create a symlink to Rails root] returned a string, did you mean to run a command?
[2021-10-25T09:25:49+00:00] WARN: only_if block for templatesymlink[Create a gitlab_kas_secret and create a symlink to Rails root] returned a string, did you mean to run a command?
[2021-10-25T09:25:50+00:00] INFO: link[/opt/gitlab/service/logrotate] created
[2021-10-25T09:25:50+00:00] INFO: template[/var/opt/gitlab/redis/redis.conf] owner changed to 997
[2021-10-25T09:25:50+00:00] INFO: link[/opt/gitlab/service/redis] created
[2021-10-25T09:25:51+00:00] INFO: link[/opt/gitlab/service/gitaly] created
[2021-10-25T09:25:52+00:00] INFO: template[/var/opt/gitlab/postgresql/data/pg_hba.conf] owner changed to 996
[2021-10-25T09:25:52+00:00] INFO: link[/opt/gitlab/service/postgresql] created
[2021-10-25T09:25:53+00:00] INFO: link[/opt/gitlab/service/puma] created
[2021-10-25T09:25:53+00:00] INFO: link[/opt/gitlab/service/sidekiq] created
[2021-10-25T09:25:53+00:00] INFO: link[/opt/gitlab/service/gitlab-workhorse] created
[2021-10-25T09:25:54+00:00] INFO: link[/opt/gitlab/service/nginx] created
[2021-10-25T09:25:55+00:00] INFO: link[/opt/gitlab/service/gitlab-exporter] created
[2021-10-25T09:25:55+00:00] INFO: link[/opt/gitlab/service/redis-exporter] created
[2021-10-25T09:25:55+00:00] INFO: link[/opt/gitlab/service/prometheus] created
[2021-10-25T09:25:56+00:00] INFO: link[/opt/gitlab/service/alertmanager] created
[2021-10-25T09:25:56+00:00] INFO: link[/opt/gitlab/service/postgres-exporter] created
[2021-10-25T09:25:56+00:00] INFO: directory[/var/log/gitlab/grafana] created directory /var/log/gitlab/grafana
[2021-10-25T09:25:56+00:00] INFO: directory[/var/log/gitlab/grafana] owner changed to 992
[2021-10-25T09:25:56+00:00] INFO: directory[/var/log/gitlab/grafana] mode changed to 700
[2021-10-25T09:25:56+00:00] INFO: directory[/var/opt/gitlab/grafana] created directory /var/opt/gitlab/grafana
[2021-10-25T09:25:56+00:00] INFO: directory[/var/opt/gitlab/grafana] owner changed to 992
[2021-10-25T09:25:56+00:00] INFO: directory[/var/opt/gitlab/grafana] mode changed to 700
[2021-10-25T09:25:56+00:00] INFO: directory[/var/opt/gitlab/grafana/provisioning] created directory /var/opt/gitlab/grafana/provisioning
[2021-10-25T09:25:56+00:00] INFO: directory[/var/opt/gitlab/grafana/provisioning] owner changed to 992
[2021-10-25T09:25:56+00:00] INFO: directory[/var/opt/gitlab/grafana/provisioning] mode changed to 700
[2021-10-25T09:25:56+00:00] INFO: directory[/var/opt/gitlab/grafana/provisioning/dashboards] created directory /var/opt/gitlab/grafana/provisioning/dashboards
[2021-10-25T09:25:56+00:00] INFO: directory[/var/opt/gitlab/grafana/provisioning/dashboards] owner changed to 992
[2021-10-25T09:25:56+00:00] INFO: directory[/var/opt/gitlab/grafana/provisioning/dashboards] mode changed to 700
[2021-10-25T09:25:56+00:00] INFO: directory[/var/opt/gitlab/grafana/provisioning/datasources] created directory /var/opt/gitlab/grafana/provisioning/datasources
[2021-10-25T09:25:56+00:00] INFO: directory[/var/opt/gitlab/grafana/provisioning/datasources] owner changed to 992
[2021-10-25T09:25:56+00:00] INFO: directory[/var/opt/gitlab/grafana/provisioning/datasources] mode changed to 700
[2021-10-25T09:25:56+00:00] INFO: directory[/var/opt/gitlab/grafana/provisioning/notifiers] created directory /var/opt/gitlab/grafana/provisioning/notifiers
[2021-10-25T09:25:56+00:00] INFO: directory[/var/opt/gitlab/grafana/provisioning/notifiers] owner changed to 992
[2021-10-25T09:25:57+00:00] INFO: directory[/var/opt/gitlab/grafana/provisioning/notifiers] mode changed to 700
[2021-10-25T09:25:57+00:00] INFO: link[/var/opt/gitlab/grafana/conf] created
[2021-10-25T09:25:57+00:00] INFO: link[/var/opt/gitlab/grafana/public] created
[2021-10-25T09:25:57+00:00] INFO: directory[/opt/gitlab/etc/grafana/env] created directory /opt/gitlab/etc/grafana/env
[2021-10-25T09:25:57+00:00] INFO: directory[/opt/gitlab/etc/grafana/env] owner changed to 992
[2021-10-25T09:25:57+00:00] INFO: directory[/opt/gitlab/etc/grafana/env] mode changed to 700
[2021-10-25T09:25:57+00:00] WARN: Connecting to GitLab to generate new app_id and app_secret for GitLab Grafana.
[2021-10-25T09:40:48+00:00] WARN: Something went wrong while trying to update gitlab-secrets.json. Check the file permissions and try reconfiguring again.
[2021-10-25T09:40:48+00:00] INFO: ruby_block[authorize Grafana with GitLab] called
[2021-10-25T09:40:49+00:00] INFO: ruby_block[populate Grafana configuration options] called
[2021-10-25T09:40:49+00:00] INFO: file[/opt/gitlab/etc/grafana/env/SSL_CERT_DIR] created file /opt/gitlab/etc/grafana/env/SSL_CERT_DIR
[2021-10-25T09:40:49+00:00] INFO: file[/opt/gitlab/etc/grafana/env/SSL_CERT_DIR] updated file contents /opt/gitlab/etc/grafana/env/SSL_CERT_DIR
[2021-10-25T09:40:51+00:00] INFO: template[/var/opt/gitlab/grafana/grafana.ini] created file /var/opt/gitlab/grafana/grafana.ini
[2021-10-25T09:40:51+00:00] INFO: template[/var/opt/gitlab/grafana/grafana.ini] updated file contents /var/opt/gitlab/grafana/grafana.ini
[2021-10-25T09:40:51+00:00] INFO: template[/var/opt/gitlab/grafana/grafana.ini] owner changed to 992
[2021-10-25T09:40:51+00:00] INFO: template[/var/opt/gitlab/grafana/grafana.ini] mode changed to 644
[2021-10-25T09:40:51+00:00] INFO: template[/var/opt/gitlab/grafana/grafana.ini] not queuing delayed action restart on runit_service[grafana] (delayed), as it's already been queued
[2021-10-25T09:40:51+00:00] INFO: file[/var/opt/gitlab/grafana/provisioning/dashboards/gitlab_dashboards.yml] created file /var/opt/gitlab/grafana/provisioning/dashboards/gitlab_dashboards.yml
[2021-10-25T09:40:51+00:00] INFO: file[/var/opt/gitlab/grafana/provisioning/dashboards/gitlab_dashboards.yml] updated file contents /var/opt/gitlab/grafana/provisioning/dashboards/gitlab_dashboards.yml
[2021-10-25T09:40:51+00:00] INFO: file[/var/opt/gitlab/grafana/provisioning/dashboards/gitlab_dashboards.yml] owner changed to 992
[2021-10-25T09:40:51+00:00] INFO: file[/var/opt/gitlab/grafana/provisioning/dashboards/gitlab_dashboards.yml] mode changed to 644
[2021-10-25T09:40:51+00:00] INFO: file[/var/opt/gitlab/grafana/provisioning/dashboards/gitlab_dashboards.yml] not queuing delayed action restart on runit_service[grafana] (delayed), as it's already been queued
[2021-10-25T09:40:51+00:00] INFO: file[/var/opt/gitlab/grafana/provisioning/datasources/gitlab_datasources.yml] created file /var/opt/gitlab/grafana/provisioning/datasources/gitlab_datasources.yml
[2021-10-25T09:40:51+00:00] INFO: file[/var/opt/gitlab/grafana/provisioning/datasources/gitlab_datasources.yml] updated file contents /var/opt/gitlab/grafana/provisioning/datasources/gitlab_datasources.yml
[2021-10-25T09:40:51+00:00] INFO: file[/var/opt/gitlab/grafana/provisioning/datasources/gitlab_datasources.yml] owner changed to 992
[2021-10-25T09:40:51+00:00] INFO: file[/var/opt/gitlab/grafana/provisioning/datasources/gitlab_datasources.yml] mode changed to 644
[2021-10-25T09:40:51+00:00] INFO: file[/var/opt/gitlab/grafana/provisioning/datasources/gitlab_datasources.yml] not queuing delayed action restart on runit_service[grafana] (delayed), as it's already been queued
[2021-10-25T09:40:55+00:00] INFO: directory[/opt/gitlab/sv/grafana] created directory /opt/gitlab/sv/grafana
[2021-10-25T09:40:55+00:00] INFO: directory[/opt/gitlab/sv/grafana] owner changed to 0
[2021-10-25T09:40:55+00:00] INFO: directory[/opt/gitlab/sv/grafana] group changed to 0
[2021-10-25T09:40:55+00:00] INFO: directory[/opt/gitlab/sv/grafana] mode changed to 755
[2021-10-25T09:40:55+00:00] INFO: template[/opt/gitlab/sv/grafana/run] created file /opt/gitlab/sv/grafana/run
[2021-10-25T09:40:55+00:00] INFO: template[/opt/gitlab/sv/grafana/run] updated file contents /opt/gitlab/sv/grafana/run
[2021-10-25T09:40:55+00:00] INFO: template[/opt/gitlab/sv/grafana/run] owner changed to 0
[2021-10-25T09:40:55+00:00] INFO: template[/opt/gitlab/sv/grafana/run] group changed to 0
[2021-10-25T09:40:55+00:00] INFO: template[/opt/gitlab/sv/grafana/run] mode changed to 755
[2021-10-25T09:40:55+00:00] INFO: directory[/opt/gitlab/sv/grafana/log] created directory /opt/gitlab/sv/grafana/log
[2021-10-25T09:40:55+00:00] INFO: directory[/opt/gitlab/sv/grafana/log] owner changed to 0
[2021-10-25T09:40:55+00:00] INFO: directory[/opt/gitlab/sv/grafana/log] group changed to 0
[2021-10-25T09:40:55+00:00] INFO: directory[/opt/gitlab/sv/grafana/log] mode changed to 755
[2021-10-25T09:40:55+00:00] INFO: directory[/opt/gitlab/sv/grafana/log/main] created directory /opt/gitlab/sv/grafana/log/main
[2021-10-25T09:40:55+00:00] INFO: directory[/opt/gitlab/sv/grafana/log/main] owner changed to 0
[2021-10-25T09:40:55+00:00] INFO: directory[/opt/gitlab/sv/grafana/log/main] group changed to 0
[2021-10-25T09:40:56+00:00] INFO: directory[/opt/gitlab/sv/grafana/log/main] mode changed to 755
[2021-10-25T09:40:56+00:00] INFO: template[/opt/gitlab/sv/grafana/log/config] created file /opt/gitlab/sv/grafana/log/config
[2021-10-25T09:40:56+00:00] INFO: template[/opt/gitlab/sv/grafana/log/config] updated file contents /opt/gitlab/sv/grafana/log/config
[2021-10-25T09:40:56+00:00] INFO: template[/opt/gitlab/sv/grafana/log/config] owner changed to 0
[2021-10-25T09:40:56+00:00] INFO: template[/opt/gitlab/sv/grafana/log/config] group changed to 0
[2021-10-25T09:40:56+00:00] INFO: template[/opt/gitlab/sv/grafana/log/config] mode changed to 644
[2021-10-25T09:40:56+00:00] INFO: template[/opt/gitlab/sv/grafana/log/config] sending create action to ruby_block[verify_chown_persisted_on_grafana] (immediate)
[2021-10-25T09:40:56+00:00] INFO: ruby_block[verify_chown_persisted_on_grafana] called
[2021-10-25T09:40:56+00:00] INFO: link[/var/log/gitlab/grafana/config] created
[2021-10-25T09:40:56+00:00] INFO: template[/opt/gitlab/sv/grafana/log/run] created file /opt/gitlab/sv/grafana/log/run
[2021-10-25T09:40:56+00:00] INFO: template[/opt/gitlab/sv/grafana/log/run] updated file contents /opt/gitlab/sv/grafana/log/run
[2021-10-25T09:40:56+00:00] INFO: template[/opt/gitlab/sv/grafana/log/run] owner changed to 0
[2021-10-25T09:40:56+00:00] INFO: template[/opt/gitlab/sv/grafana/log/run] group changed to 0
[2021-10-25T09:40:56+00:00] INFO: template[/opt/gitlab/sv/grafana/log/run] mode changed to 755
[2021-10-25T09:40:56+00:00] INFO: directory[/opt/gitlab/sv/grafana/env] created directory /opt/gitlab/sv/grafana/env
[2021-10-25T09:40:56+00:00] INFO: directory[/opt/gitlab/sv/grafana/env] owner changed to 0
[2021-10-25T09:40:56+00:00] INFO: directory[/opt/gitlab/sv/grafana/env] group changed to 0
[2021-10-25T09:40:56+00:00] INFO: directory[/opt/gitlab/sv/grafana/env] mode changed to 755
[2021-10-25T09:40:56+00:00] INFO: directory[/opt/gitlab/sv/grafana/control] created directory /opt/gitlab/sv/grafana/control
[2021-10-25T09:40:56+00:00] INFO: directory[/opt/gitlab/sv/grafana/control] owner changed to 0
[2021-10-25T09:40:56+00:00] INFO: directory[/opt/gitlab/sv/grafana/control] group changed to 0
[2021-10-25T09:40:56+00:00] INFO: directory[/opt/gitlab/sv/grafana/control] mode changed to 755
[2021-10-25T09:40:56+00:00] INFO: link[/opt/gitlab/init/grafana] created
[2021-10-25T09:40:56+00:00] INFO: template[/opt/gitlab/sv/grafana/run] sending run action to ruby_block[restart_service] (delayed)
[2021-10-25T09:40:56+00:00] INFO: template[/opt/gitlab/sv/grafana/log/config] sending create action to ruby_block[reload_log_service] (delayed)
[2021-10-25T09:40:56+00:00] INFO: link[/opt/gitlab/service/grafana] created
[2021-10-25T09:40:57+00:00] INFO: ruby_block[wait for grafana service socket] called
[2021-10-25T09:40:59+00:00] INFO: ruby_block[reload_log_service] called
[2021-10-25T09:40:59+00:00] INFO: template[/opt/gitlab/sv/grafana/log/run] sending run action to ruby_block[restart_log_service] (delayed)
[2021-10-25T09:41:07+00:00] INFO: ruby_block[restart_log_service] called
[2021-10-25T09:41:07+00:00] INFO: templatesymlink[Create a gitlab.yml and create a symlink to Rails root] sending run action to execute[clear the gitlab-rails cache] (delayed)
