Raven 3.1.2 configured not to capture errors: DSN not set
Creating scope :without_statuses. Overwriting existing method CommitStatus.without_statuses.
Creating scope :without_statuses. Overwriting existing method Ci::Pipeline.without_statuses.
Creating scope :in_pipelines. Overwriting existing method Ci::Build.in_pipelines.
Creating scope :of_projects. Overwriting existing method MergeRequest.of_projects.
Creating scope :join_project. Overwriting existing method MergeRequest.join_project.
Creating scope :references_project. Overwriting existing method MergeRequest.references_project.
Creating scope :system. Overwriting existing method Note.system.
Creating scope :order_created_desc. Overwriting existing method Packages::Package.order_created_desc.
Creating scope :order_name_desc. Overwriting existing method Packages::Package.order_name_desc.
Creating scope :order_name_asc. Overwriting existing method Member.order_name_asc.
Creating scope :order_name_desc. Overwriting existing method Member.order_name_desc.
Creating scope :with_user. Overwriting existing method GroupMember.with_user.
Creating scope :order_name_asc. Overwriting existing method Label.order_name_asc.
Creating scope :order_name_desc. Overwriting existing method Label.order_name_desc.
Creating scope :open. Overwriting existing method AlertManagement::Alert.open.
[ActiveJob] Enqueued ActionMailer::MailDeliveryJob (Job ID: 39e39d64-96ae-4361-9f38-60c94457b2fa) to Sidekiq(mailers) with arguments: "Notify", "member_access_granted_email", "deliver_now", {:args=>["Group", 1]}
Creating scope :system. Overwriting existing method Gitlab::DatabaseImporters::CommonMetrics::PrometheusMetric.system.
Raven 3.1.2 configured not to capture errors: DSN not set
Creating scope :without_statuses. Overwriting existing method CommitStatus.without_statuses.
Creating scope :without_statuses. Overwriting existing method Ci::Pipeline.without_statuses.
Creating scope :in_pipelines. Overwriting existing method Ci::Build.in_pipelines.
Creating scope :of_projects. Overwriting existing method MergeRequest.of_projects.
Creating scope :join_project. Overwriting existing method MergeRequest.join_project.
Creating scope :references_project. Overwriting existing method MergeRequest.references_project.
Creating scope :system. Overwriting existing method Note.system.
Creating scope :order_created_desc. Overwriting existing method Packages::Package.order_created_desc.
Creating scope :order_name_desc. Overwriting existing method Packages::Package.order_name_desc.
Raven 3.1.2 configured not to capture errors: DSN not set
Creating scope :without_statuses. Overwriting existing method CommitStatus.without_statuses.
Creating scope :without_statuses. Overwriting existing method Ci::Pipeline.without_statuses.
Creating scope :in_pipelines. Overwriting existing method Ci::Build.in_pipelines.
Creating scope :of_projects. Overwriting existing method MergeRequest.of_projects.
Creating scope :join_project. Overwriting existing method MergeRequest.join_project.
Creating scope :references_project. Overwriting existing method MergeRequest.references_project.
Creating scope :system. Overwriting existing method Note.system.
Creating scope :order_created_desc. Overwriting existing method Packages::Package.order_created_desc.
Creating scope :order_name_desc. Overwriting existing method Packages::Package.order_name_desc.
Raven 3.1.2 configured not to capture errors: DSN not set
Creating scope :without_statuses. Overwriting existing method CommitStatus.without_statuses.
Creating scope :without_statuses. Overwriting existing method Ci::Pipeline.without_statuses.
Creating scope :in_pipelines. Overwriting existing method Ci::Build.in_pipelines.
Creating scope :of_projects. Overwriting existing method MergeRequest.of_projects.
Creating scope :join_project. Overwriting existing method MergeRequest.join_project.
Creating scope :references_project. Overwriting existing method MergeRequest.references_project.
Creating scope :system. Overwriting existing method Note.system.
Creating scope :order_created_desc. Overwriting existing method Packages::Package.order_created_desc.
Creating scope :order_name_desc. Overwriting existing method Packages::Package.order_name_desc.
Creating scope :open. Overwriting existing method AlertManagement::Alert.open.
Creating scope :order_name_asc. Overwriting existing method Label.order_name_asc.
Creating scope :order_name_desc. Overwriting existing method Label.order_name_desc.
Creating scope :system. Overwriting existing method PrometheusMetric.system.
Creating scope :order_name_asc. Overwriting existing method Member.order_name_asc.
Creating scope :order_name_desc. Overwriting existing method Member.order_name_desc.
Creating scope :open. Overwriting existing method ExternalPullRequest.open.
Creating scope :with_user. Overwriting existing method GroupMember.with_user.
Raven 3.1.2 configured not to capture errors: DSN not set
Raven 3.1.2 configured not to capture errors: DSN not set
Raven 3.1.2 configured not to capture errors: DSN not set
Creating scope :without_statuses. Overwriting existing method CommitStatus.without_statuses.
Creating scope :without_statuses. Overwriting existing method Ci::Pipeline.without_statuses.
Creating scope :in_pipelines. Overwriting existing method Ci::Build.in_pipelines.
Creating scope :without_statuses. Overwriting existing method CommitStatus.without_statuses.
Creating scope :without_statuses. Overwriting existing method Ci::Pipeline.without_statuses.
Creating scope :of_projects. Overwriting existing method MergeRequest.of_projects.
Creating scope :join_project. Overwriting existing method MergeRequest.join_project.
Creating scope :references_project. Overwriting existing method MergeRequest.references_project.
Creating scope :in_pipelines. Overwriting existing method Ci::Build.in_pipelines.
Creating scope :system. Overwriting existing method Note.system.
Creating scope :of_projects. Overwriting existing method MergeRequest.of_projects.
Creating scope :join_project. Overwriting existing method MergeRequest.join_project.
Creating scope :references_project. Overwriting existing method MergeRequest.references_project.
Creating scope :system. Overwriting existing method Note.system.
Creating scope :order_created_desc. Overwriting existing method Packages::Package.order_created_desc.
Creating scope :order_name_desc. Overwriting existing method Packages::Package.order_name_desc.
Creating scope :order_created_desc. Overwriting existing method Packages::Package.order_created_desc.
Creating scope :order_name_desc. Overwriting existing method Packages::Package.order_name_desc.
Creating scope :without_statuses. Overwriting existing method CommitStatus.without_statuses.
Creating scope :without_statuses. Overwriting existing method Ci::Pipeline.without_statuses.
Creating scope :in_pipelines. Overwriting existing method Ci::Build.in_pipelines.
Creating scope :of_projects. Overwriting existing method MergeRequest.of_projects.
Creating scope :join_project. Overwriting existing method MergeRequest.join_project.
Creating scope :references_project. Overwriting existing method MergeRequest.references_project.
Creating scope :system. Overwriting existing method Note.system.
Creating scope :order_created_desc. Overwriting existing method Packages::Package.order_created_desc.
Creating scope :order_name_desc. Overwriting existing method Packages::Package.order_name_desc.
Creating scope :open. Overwriting existing method AlertManagement::Alert.open.
Creating scope :open. Overwriting existing method AlertManagement::Alert.open.
Creating scope :order_name_asc. Overwriting existing method Label.order_name_asc.
Creating scope :order_name_desc. Overwriting existing method Label.order_name_desc.
Creating scope :order_name_asc. Overwriting existing method Label.order_name_asc.
Creating scope :order_name_desc. Overwriting existing method Label.order_name_desc.
Creating scope :system. Overwriting existing method PrometheusMetric.system.
Creating scope :order_name_asc. Overwriting existing method Member.order_name_asc.
Creating scope :order_name_desc. Overwriting existing method Member.order_name_desc.
Creating scope :system. Overwriting existing method PrometheusMetric.system.
Creating scope :order_name_asc. Overwriting existing method Member.order_name_asc.
Creating scope :order_name_desc. Overwriting existing method Member.order_name_desc.
Creating scope :open. Overwriting existing method AlertManagement::Alert.open.
Creating scope :open. Overwriting existing method ExternalPullRequest.open.
Creating scope :open. Overwriting existing method ExternalPullRequest.open.
Creating scope :order_name_asc. Overwriting existing method Label.order_name_asc.
Creating scope :order_name_desc. Overwriting existing method Label.order_name_desc.
Creating scope :with_user. Overwriting existing method GroupMember.with_user.
Creating scope :with_user. Overwriting existing method GroupMember.with_user.
Creating scope :system. Overwriting existing method PrometheusMetric.system.
Creating scope :order_name_asc. Overwriting existing method Member.order_name_asc.
Creating scope :order_name_desc. Overwriting existing method Member.order_name_desc.
Creating scope :open. Overwriting existing method ExternalPullRequest.open.
Creating scope :with_user. Overwriting existing method GroupMember.with_user.
Creating scope :without_statuses. Overwriting existing method Ci::Stage.without_statuses.
Creating scope :created. Overwriting existing method Ci::Stage.created.
Creating scope :pending. Overwriting existing method Ci::Stage.pending.
Creating scope :running. Overwriting existing method Ci::Stage.running.
Creating scope :success. Overwriting existing method Ci::Stage.success.
Creating scope :failed. Overwriting existing method Ci::Stage.failed.
Creating scope :canceled. Overwriting existing method Ci::Stage.canceled.
Creating scope :skipped. Overwriting existing method Ci::Stage.skipped.
Creating scope :manual. Overwriting existing method Ci::Stage.manual.
Creating scope :scheduled. Overwriting existing method Ci::Stage.scheduled.
Creating scope :preparing. Overwriting existing method Ci::Stage.preparing.
Creating scope :waiting_for_resource. Overwriting existing method Ci::Stage.waiting_for_resource.
Creating scope :without_statuses. Overwriting existing method Ci::Stage.without_statuses.
Creating scope :created. Overwriting existing method Ci::Stage.created.
Creating scope :pending. Overwriting existing method Ci::Stage.pending.
Creating scope :running. Overwriting existing method Ci::Stage.running.
Creating scope :success. Overwriting existing method Ci::Stage.success.
Creating scope :failed. Overwriting existing method Ci::Stage.failed.
Creating scope :canceled. Overwriting existing method Ci::Stage.canceled.
Creating scope :skipped. Overwriting existing method Ci::Stage.skipped.
Creating scope :manual. Overwriting existing method Ci::Stage.manual.
Creating scope :scheduled. Overwriting existing method Ci::Stage.scheduled.
Creating scope :preparing. Overwriting existing method Ci::Stage.preparing.
Creating scope :waiting_for_resource. Overwriting existing method Ci::Stage.waiting_for_resource.
Creating scope :system. Overwriting existing method Gitlab::DatabaseImporters::CommonMetrics::PrometheusMetric.system.
Creating scope :system. Overwriting existing method Gitlab::DatabaseImporters::CommonMetrics::PrometheusMetric.system.
